0 info it worked if it ends with ok
1 verbose cli [ 'node',
1 verbose cli   '/usr/local/bin/npm',
1 verbose cli   'install',
1 verbose cli   '-g',
1 verbose cli   'hubot',
1 verbose cli   'coffee-script',
1 verbose cli   'yo',
1 verbose cli   'generator-hubot' ]
2 info using npm@1.4.28
3 info using node@v0.10.32
4 verbose cache add [ 'hubot', null ]
5 verbose cache add name=undefined spec="hubot" args=["hubot",null]
6 verbose parsed url { protocol: null,
6 verbose parsed url   slashes: null,
6 verbose parsed url   auth: null,
6 verbose parsed url   host: null,
6 verbose parsed url   port: null,
6 verbose parsed url   hostname: null,
6 verbose parsed url   hash: null,
6 verbose parsed url   search: null,
6 verbose parsed url   query: null,
6 verbose parsed url   pathname: 'hubot',
6 verbose parsed url   path: 'hubot',
6 verbose parsed url   href: 'hubot' }
7 verbose cache add [ 'coffee-script', null ]
8 verbose cache add name=undefined spec="coffee-script" args=["coffee-script",null]
9 verbose parsed url { protocol: null,
9 verbose parsed url   slashes: null,
9 verbose parsed url   auth: null,
9 verbose parsed url   host: null,
9 verbose parsed url   port: null,
9 verbose parsed url   hostname: null,
9 verbose parsed url   hash: null,
9 verbose parsed url   search: null,
9 verbose parsed url   query: null,
9 verbose parsed url   pathname: 'coffee-script',
9 verbose parsed url   path: 'coffee-script',
9 verbose parsed url   href: 'coffee-script' }
10 verbose cache add [ 'yo', null ]
11 verbose cache add name=undefined spec="yo" args=["yo",null]
12 verbose parsed url { protocol: null,
12 verbose parsed url   slashes: null,
12 verbose parsed url   auth: null,
12 verbose parsed url   host: null,
12 verbose parsed url   port: null,
12 verbose parsed url   hostname: null,
12 verbose parsed url   hash: null,
12 verbose parsed url   search: null,
12 verbose parsed url   query: null,
12 verbose parsed url   pathname: 'yo',
12 verbose parsed url   path: 'yo',
12 verbose parsed url   href: 'yo' }
13 verbose cache add [ 'generator-hubot', null ]
14 verbose cache add name=undefined spec="generator-hubot" args=["generator-hubot",null]
15 verbose parsed url { protocol: null,
15 verbose parsed url   slashes: null,
15 verbose parsed url   auth: null,
15 verbose parsed url   host: null,
15 verbose parsed url   port: null,
15 verbose parsed url   hostname: null,
15 verbose parsed url   hash: null,
15 verbose parsed url   search: null,
15 verbose parsed url   query: null,
15 verbose parsed url   pathname: 'generator-hubot',
15 verbose parsed url   path: 'generator-hubot',
15 verbose parsed url   href: 'generator-hubot' }
16 silly lockFile e868925b-hubot hubot
17 verbose lock hubot /Users/parrots/.npm/e868925b-hubot.lock
18 silly lockFile ab358269-coffee-script coffee-script
19 verbose lock coffee-script /Users/parrots/.npm/ab358269-coffee-script.lock
20 silly lockFile c41975d1-yo yo
21 verbose lock yo /Users/parrots/.npm/c41975d1-yo.lock
22 silly lockFile a99f4c03-generator-hubot generator-hubot
23 verbose lock generator-hubot /Users/parrots/.npm/a99f4c03-generator-hubot.lock
24 silly lockFile e868925b-hubot hubot
25 silly lockFile e868925b-hubot hubot
26 silly lockFile ab358269-coffee-script coffee-script
27 silly lockFile ab358269-coffee-script coffee-script
28 silly lockFile c41975d1-yo yo
29 silly lockFile c41975d1-yo yo
30 verbose addNamed [ 'hubot', '' ]
31 verbose addNamed [ null, '*' ]
32 silly lockFile 8fa1a24a-hubot hubot@
33 verbose lock hubot@ /Users/parrots/.npm/8fa1a24a-hubot.lock
34 verbose addNamed [ 'coffee-script', '' ]
35 verbose addNamed [ null, '*' ]
36 silly lockFile 53951495-coffee-script coffee-script@
37 verbose lock coffee-script@ /Users/parrots/.npm/53951495-coffee-script.lock
38 silly lockFile a99f4c03-generator-hubot generator-hubot
39 silly lockFile a99f4c03-generator-hubot generator-hubot
40 verbose addNamed [ 'yo', '' ]
41 verbose addNamed [ null, '*' ]
42 silly lockFile d937c28e-yo yo@
43 verbose lock yo@ /Users/parrots/.npm/d937c28e-yo.lock
44 verbose addNamed [ 'generator-hubot', '' ]
45 verbose addNamed [ null, '*' ]
46 silly lockFile c9293273-generator-hubot generator-hubot@
47 verbose lock generator-hubot@ /Users/parrots/.npm/c9293273-generator-hubot.lock
48 silly addNameRange { name: 'hubot', range: '*', hasData: false }
49 silly addNameRange { name: 'coffee-script', range: '*', hasData: false }
50 silly addNameRange { name: 'yo', range: '*', hasData: false }
51 silly addNameRange { name: 'generator-hubot', range: '*', hasData: false }
52 verbose request where is /generator-hubot
53 verbose request registry https://registry.npmjs.org/
54 verbose request id d628e83bca4a7d16
55 verbose url raw /generator-hubot
56 verbose url resolving [ 'https://registry.npmjs.org/', './generator-hubot' ]
57 verbose url resolved https://registry.npmjs.org/generator-hubot
58 verbose request where is https://registry.npmjs.org/generator-hubot
59 info trying registry request attempt 1 at 09:46:43
60 http GET https://registry.npmjs.org/generator-hubot
61 verbose request where is /coffee-script
62 verbose request registry https://registry.npmjs.org/
63 verbose url raw /coffee-script
64 verbose url resolving [ 'https://registry.npmjs.org/', './coffee-script' ]
65 verbose url resolved https://registry.npmjs.org/coffee-script
66 verbose request where is https://registry.npmjs.org/coffee-script
67 info trying registry request attempt 1 at 09:46:43
68 verbose etag "7QU23JYMR619Q59PVVT8X9KKA"
69 http GET https://registry.npmjs.org/coffee-script
70 verbose request where is /hubot
71 verbose request registry https://registry.npmjs.org/
72 verbose url raw /hubot
73 verbose url resolving [ 'https://registry.npmjs.org/', './hubot' ]
74 verbose url resolved https://registry.npmjs.org/hubot
75 verbose request where is https://registry.npmjs.org/hubot
76 info trying registry request attempt 1 at 09:46:43
77 verbose etag "DFO6U06LCRLD49JVCEGAL4C9F"
78 http GET https://registry.npmjs.org/hubot
79 verbose request where is /yo
80 verbose request registry https://registry.npmjs.org/
81 verbose url raw /yo
82 verbose url resolving [ 'https://registry.npmjs.org/', './yo' ]
83 verbose url resolved https://registry.npmjs.org/yo
84 verbose request where is https://registry.npmjs.org/yo
85 info trying registry request attempt 1 at 09:46:43
86 verbose etag "8W7GA4P2UE47Q9RYKJQGD0SPW"
87 http GET https://registry.npmjs.org/yo
88 http 304 https://registry.npmjs.org/coffee-script
89 silly registry.get cb [ 304,
89 silly registry.get   { date: 'Fri, 23 Jan 2015 14:46:44 GMT',
89 silly registry.get     server: 'Apache',
89 silly registry.get     via: '1.1 varnish',
89 silly registry.get     'last-modified': 'Fri, 23 Jan 2015 14:46:44 GMT',
89 silly registry.get     'cache-control': 'max-age=60',
89 silly registry.get     etag: '"7QU23JYMR619Q59PVVT8X9KKA"',
89 silly registry.get     age: '29',
89 silly registry.get     'x-served-by': 'cache-atl6235-ATL',
89 silly registry.get     'x-cache': 'HIT',
89 silly registry.get     'x-cache-hits': '1',
89 silly registry.get     'x-timer': 'S1422024404.145026,VS0,VE1',
89 silly registry.get     vary: 'Accept',
89 silly registry.get     'content-length': '0',
89 silly registry.get     'keep-alive': 'timeout=10, max=50',
89 silly registry.get     connection: 'Keep-Alive' } ]
90 verbose etag https://registry.npmjs.org/coffee-script from cache
91 silly addNameRange number 2 { name: 'coffee-script', range: '*', hasData: true }
92 silly addNameRange versions [ 'coffee-script',
92 silly addNameRange   [ '0.7.0',
92 silly addNameRange     '0.7.1',
92 silly addNameRange     '0.7.2',
92 silly addNameRange     '0.9.0',
92 silly addNameRange     '0.9.1',
92 silly addNameRange     '0.9.2',
92 silly addNameRange     '0.9.3',
92 silly addNameRange     '0.9.4',
92 silly addNameRange     '0.9.5',
92 silly addNameRange     '0.9.6',
92 silly addNameRange     '1.0.0',
92 silly addNameRange     '1.0.1',
92 silly addNameRange     '1.1.0',
92 silly addNameRange     '1.1.1',
92 silly addNameRange     '1.1.2',
92 silly addNameRange     '1.1.3',
92 silly addNameRange     '1.2.0',
92 silly addNameRange     '1.3.0',
92 silly addNameRange     '1.3.1',
92 silly addNameRange     '1.3.2',
92 silly addNameRange     '1.3.3',
92 silly addNameRange     '1.4.0',
92 silly addNameRange     '1.5.0',
92 silly addNameRange     '1.6.0',
92 silly addNameRange     '1.6.1',
92 silly addNameRange     '1.6.2',
92 silly addNameRange     '1.6.3',
92 silly addNameRange     '1.7.0',
92 silly addNameRange     '1.7.1',
92 silly addNameRange     '1.8.0' ] ]
93 verbose addNamed [ 'coffee-script', '1.8.0' ]
94 verbose addNamed [ '1.8.0', '1.8.0' ]
95 silly lockFile d0d79082-coffee-script-1-8-0 coffee-script@1.8.0
96 verbose lock coffee-script@1.8.0 /Users/parrots/.npm/d0d79082-coffee-script-1-8-0.lock
97 silly lockFile ca39aec5-e-script-coffee-script-1-8-0-tgz https://registry.npmjs.org/coffee-script/-/coffee-script-1.8.0.tgz
98 verbose lock https://registry.npmjs.org/coffee-script/-/coffee-script-1.8.0.tgz /Users/parrots/.npm/ca39aec5-e-script-coffee-script-1-8-0-tgz.lock
99 verbose addRemoteTarball [ 'https://registry.npmjs.org/coffee-script/-/coffee-script-1.8.0.tgz',
99 verbose addRemoteTarball   '9c9f1d2b4a52a000ded15b659791703648263c1d' ]
100 info retry fetch attempt 1 at 09:46:44
101 verbose fetch to= /var/folders/6m/35sv378d1dd4v470g_x7wf500000gn/T/npm-16915-__tJhVPT/registry.npmjs.org/coffee-script/-/coffee-script-1.8.0.tgz
102 http GET https://registry.npmjs.org/coffee-script/-/coffee-script-1.8.0.tgz
103 http 200 https://registry.npmjs.org/yo
104 silly registry.get cb [ 200,
104 silly registry.get   { date: 'Fri, 23 Jan 2015 14:46:44 GMT',
104 silly registry.get     server: 'CouchDB/1.5.0 (Erlang OTP/R16B03)',
104 silly registry.get     etag: '"DR2ST8BEHBL9DYV1VEVE2QSAV"',
104 silly registry.get     'content-type': 'application/json',
104 silly registry.get     'cache-control': 'max-age=60',
104 silly registry.get     'content-length': '25930',
104 silly registry.get     'accept-ranges': 'bytes',
104 silly registry.get     via: '1.1 varnish',
104 silly registry.get     age: '20',
104 silly registry.get     'x-served-by': 'cache-atl6233-ATL',
104 silly registry.get     'x-cache': 'HIT',
104 silly registry.get     'x-cache-hits': '1',
104 silly registry.get     'x-timer': 'S1422024404.143544,VS0,VE0',
104 silly registry.get     vary: 'Accept',
104 silly registry.get     'keep-alive': 'timeout=10, max=50',
104 silly registry.get     connection: 'Keep-Alive' } ]
105 silly addNameRange number 2 { name: 'yo', range: '*', hasData: true }
106 silly addNameRange versions [ 'yo',
106 silly addNameRange   [ '1.1.0',
106 silly addNameRange     '1.1.1',
106 silly addNameRange     '1.1.2',
106 silly addNameRange     '1.2.0',
106 silly addNameRange     '1.2.1',
106 silly addNameRange     '1.3.0',
106 silly addNameRange     '1.3.2',
106 silly addNameRange     '1.3.3' ] ]
107 verbose addNamed [ 'yo', '1.3.3' ]
108 verbose addNamed [ '1.3.3', '1.3.3' ]
109 silly lockFile 68164736-yo-1-3-3 yo@1.3.3
110 verbose lock yo@1.3.3 /Users/parrots/.npm/68164736-yo-1-3-3.lock
111 silly lockFile 68164736-yo-1-3-3 yo@1.3.3
112 silly lockFile 68164736-yo-1-3-3 yo@1.3.3
113 silly lockFile d937c28e-yo yo@
114 silly lockFile d937c28e-yo yo@
115 http 200 https://registry.npmjs.org/generator-hubot
116 silly registry.get cb [ 200,
116 silly registry.get   { date: 'Fri, 23 Jan 2015 14:46:44 GMT',
116 silly registry.get     server: 'CouchDB/1.5.0 (Erlang OTP/R16B03)',
116 silly registry.get     etag: '"99ELPVQLSJDB239R8G5TTHYGA"',
116 silly registry.get     'content-type': 'application/json',
116 silly registry.get     'cache-control': 'max-age=60',
116 silly registry.get     'content-length': '10378',
116 silly registry.get     'accept-ranges': 'bytes',
116 silly registry.get     via: '1.1 varnish',
116 silly registry.get     age: '0',
116 silly registry.get     'x-served-by': 'cache-atl6232-ATL',
116 silly registry.get     'x-cache': 'MISS',
116 silly registry.get     'x-cache-hits': '0',
116 silly registry.get     'x-timer': 'S1422024404.153565,VS0,VE74',
116 silly registry.get     vary: 'Accept',
116 silly registry.get     'keep-alive': 'timeout=10, max=50',
116 silly registry.get     connection: 'Keep-Alive' } ]
117 silly addNameRange number 2 { name: 'generator-hubot', range: '*', hasData: true }
118 silly addNameRange versions [ 'generator-hubot',
118 silly addNameRange   [ '0.1.0', '0.1.1', '0.1.2', '0.1.3', '0.1.4', '0.2.0', '0.2.1' ] ]
119 verbose addNamed [ 'generator-hubot', '0.2.1' ]
120 verbose addNamed [ '0.2.1', '0.2.1' ]
121 silly lockFile da3f821b-generator-hubot-0-2-1 generator-hubot@0.2.1
122 verbose lock generator-hubot@0.2.1 /Users/parrots/.npm/da3f821b-generator-hubot-0-2-1.lock
123 silly lockFile adf52209--hubot-generator-hubot-0-2-1-tgz https://registry.npmjs.org/generator-hubot/-/generator-hubot-0.2.1.tgz
124 verbose lock https://registry.npmjs.org/generator-hubot/-/generator-hubot-0.2.1.tgz /Users/parrots/.npm/adf52209--hubot-generator-hubot-0-2-1-tgz.lock
125 verbose addRemoteTarball [ 'https://registry.npmjs.org/generator-hubot/-/generator-hubot-0.2.1.tgz',
125 verbose addRemoteTarball   '8c40f21f881c61ff2c6ed9f325221a316245b17d' ]
126 info retry fetch attempt 1 at 09:46:44
127 verbose fetch to= /var/folders/6m/35sv378d1dd4v470g_x7wf500000gn/T/npm-16915-__tJhVPT/registry.npmjs.org/generator-hubot/-/generator-hubot-0.2.1.tgz
128 http GET https://registry.npmjs.org/generator-hubot/-/generator-hubot-0.2.1.tgz
129 http 304 https://registry.npmjs.org/hubot
130 silly registry.get cb [ 304,
130 silly registry.get   { date: 'Fri, 23 Jan 2015 14:46:44 GMT',
130 silly registry.get     server: 'Apache',
130 silly registry.get     via: '1.1 varnish',
130 silly registry.get     'last-modified': 'Fri, 23 Jan 2015 14:46:44 GMT',
130 silly registry.get     'cache-control': 'max-age=60',
130 silly registry.get     etag: '"DFO6U06LCRLD49JVCEGAL4C9F"',
130 silly registry.get     age: '0',
130 silly registry.get     'x-served-by': 'cache-atl6221-ATL',
130 silly registry.get     'x-cache': 'HIT',
130 silly registry.get     'x-cache-hits': '1',
130 silly registry.get     'x-timer': 'S1422024404.152261,VS0,VE112',
130 silly registry.get     vary: 'Accept',
130 silly registry.get     'content-length': '0',
130 silly registry.get     'keep-alive': 'timeout=10, max=50',
130 silly registry.get     connection: 'Keep-Alive' } ]
131 verbose etag https://registry.npmjs.org/hubot from cache
132 silly addNameRange number 2 { name: 'hubot', range: '*', hasData: true }
133 silly addNameRange versions [ 'hubot',
133 silly addNameRange   [ '1.0.0',
133 silly addNameRange     '1.0.2',
133 silly addNameRange     '1.0.3',
133 silly addNameRange     '1.0.4',
133 silly addNameRange     '1.0.5',
133 silly addNameRange     '1.0.6',
133 silly addNameRange     '1.1.0',
133 silly addNameRange     '1.1.1',
133 silly addNameRange     '1.1.2',
133 silly addNameRange     '1.1.3',
133 silly addNameRange     '1.1.4',
133 silly addNameRange     '1.1.5',
133 silly addNameRange     '1.1.6',
133 silly addNameRange     '1.1.7',
133 silly addNameRange     '1.1.8',
133 silly addNameRange     '1.1.9',
133 silly addNameRange     '1.1.10',
133 silly addNameRange     '1.1.11',
133 silly addNameRange     '2.0.2',
133 silly addNameRange     '2.0.4',
133 silly addNameRange     '2.0.5',
133 silly addNameRange     '2.0.6',
133 silly addNameRange     '2.0.7',
133 silly addNameRange     '2.1.0',
133 silly addNameRange     '2.1.1',
133 silly addNameRange     '2.1.2',
133 silly addNameRange     '2.1.3',
133 silly addNameRange     '2.1.4',
133 silly addNameRange     '2.2.0',
133 silly addNameRange     '2.2.1',
133 silly addNameRange     '2.3.0',
133 silly addNameRange     '2.3.2',
133 silly addNameRange     '2.3.3',
133 silly addNameRange     '2.3.4',
133 silly addNameRange     '2.3.5',
133 silly addNameRange     '2.4.0',
133 silly addNameRange     '2.4.1',
133 silly addNameRange     '2.4.2',
133 silly addNameRange     '2.4.4',
133 silly addNameRange     '2.4.5',
133 silly addNameRange     '2.4.6',
133 silly addNameRange     '2.4.7',
133 silly addNameRange     '2.4.8',
133 silly addNameRange     '2.5.0',
133 silly addNameRange     '2.5.1',
133 silly addNameRange     '2.5.2',
133 silly addNameRange     '2.5.3',
133 silly addNameRange     '2.5.4',
133 silly addNameRange     '2.5.5',
133 silly addNameRange     '2.6.0',
133 silly addNameRange     '2.6.1',
133 silly addNameRange     '2.6.2',
133 silly addNameRange     '2.6.3',
133 silly addNameRange     '2.6.4',
133 silly addNameRange     '2.6.5',
133 silly addNameRange     '2.7.0',
133 silly addNameRange     '2.7.1',
133 silly addNameRange     '2.7.2',
133 silly addNameRange     '2.7.3',
133 silly addNameRange     '2.7.4',
133 silly addNameRange     '2.7.5',
133 silly addNameRange     '2.8.0',
133 silly addNameRange     '2.8.1',
133 silly addNameRange     '2.8.2-beta1',
133 silly addNameRange     '2.8.2',
133 silly addNameRange     '2.8.3-beta',
133 silly addNameRange     '2.8.3',
133 silly addNameRange     '2.9.0',
133 silly addNameRange     '2.9.3',
133 silly addNameRange     '2.10.0',
133 silly addNameRange     '2.11.0' ] ]
134 verbose addNamed [ 'hubot', '2.11.0' ]
135 verbose addNamed [ '2.11.0', '2.11.0' ]
136 silly lockFile 00610668-hubot-2-11-0 hubot@2.11.0
137 verbose lock hubot@2.11.0 /Users/parrots/.npm/00610668-hubot-2-11-0.lock
138 silly lockFile 00610668-hubot-2-11-0 hubot@2.11.0
139 silly lockFile 00610668-hubot-2-11-0 hubot@2.11.0
140 silly lockFile 8fa1a24a-hubot hubot@
141 silly lockFile 8fa1a24a-hubot hubot@
142 http 200 https://registry.npmjs.org/coffee-script/-/coffee-script-1.8.0.tgz
143 http 200 https://registry.npmjs.org/generator-hubot/-/generator-hubot-0.2.1.tgz
144 silly lockFile adf52209--hubot-generator-hubot-0-2-1-tgz https://registry.npmjs.org/generator-hubot/-/generator-hubot-0.2.1.tgz
145 silly lockFile adf52209--hubot-generator-hubot-0-2-1-tgz https://registry.npmjs.org/generator-hubot/-/generator-hubot-0.2.1.tgz
146 silly lockFile da3f821b-generator-hubot-0-2-1 generator-hubot@0.2.1
147 silly lockFile da3f821b-generator-hubot-0-2-1 generator-hubot@0.2.1
148 silly lockFile c9293273-generator-hubot generator-hubot@
149 silly lockFile c9293273-generator-hubot generator-hubot@
150 silly lockFile ca39aec5-e-script-coffee-script-1-8-0-tgz https://registry.npmjs.org/coffee-script/-/coffee-script-1.8.0.tgz
151 silly lockFile ca39aec5-e-script-coffee-script-1-8-0-tgz https://registry.npmjs.org/coffee-script/-/coffee-script-1.8.0.tgz
152 silly lockFile d0d79082-coffee-script-1-8-0 coffee-script@1.8.0
153 silly lockFile d0d79082-coffee-script-1-8-0 coffee-script@1.8.0
154 silly lockFile 53951495-coffee-script coffee-script@
155 silly lockFile 53951495-coffee-script coffee-script@
156 error Error: EACCES, mkdir '/Users/parrots/.npm/coffee-script/1.8.0'
156 error  { [Error: EACCES, mkdir '/Users/parrots/.npm/coffee-script/1.8.0']
156 error   errno: 3,
156 error   code: 'EACCES',
156 error   path: '/Users/parrots/.npm/coffee-script/1.8.0' }
157 error Please try running this command again as root/Administrator.
158 error System Darwin 14.1.0
159 error command "node" "/usr/local/bin/npm" "install" "-g" "hubot" "coffee-script" "yo" "generator-hubot"
160 error cwd /Users/parrots/Documents/Personal Projects/PhillyCocoa Slackbot
161 error node -v v0.10.32
162 error npm -v 1.4.28
163 error path /Users/parrots/.npm/coffee-script/1.8.0
164 error code EACCES
165 error errno 3
166 error stack Error: EACCES, mkdir '/Users/parrots/.npm/coffee-script/1.8.0'
167 verbose exit [ 3, true ]
